{"/Users/rajdeora/ReduxSaga/App.js": {"path":"/Users/rajdeora/ReduxSaga/App.js","statementMap":{"0":{"start":{"line":14,"column":14},"end":{"line":14,"column":30}},"1":{"start":{"line":17,"column":2},"end":{"line":22,"column":4}}},"fnMap":{"0":{"name":"App","decl":{"start":{"line":16,"column":24},"end":{"line":16,"column":27}},"loc":{"start":{"line":16,"column":30},"end":{"line":23,"column":1}},"line":16}},"branchMap":{},"s":{"0":2,"1":2},"f":{"0":2},"b":{},"_coverageSchema":"1a1c01bbd47fc00a2c39e90264f33305004495a9","hash":"13b85dea00944dd316524cfdc20065388c5e5938"}
,"/Users/rajdeora/ReduxSaga/Sagas/Sagas.js": {"path":"/Users/rajdeora/ReduxSaga/Sagas/Sagas.js","statementMap":{"0":{"start":{"line":6,"column":2},"end":{"line":12,"column":3}},"1":{"start":{"line":7,"column":21},"end":{"line":7,"column":36}},"2":{"start":{"line":8,"column":17},"end":{"line":8,"column":48}},"3":{"start":{"line":9,"column":4},"end":{"line":9,"column":38}},"4":{"start":{"line":11,"column":4},"end":{"line":11,"column":19}},"5":{"start":{"line":15,"column":2},"end":{"line":15,"column":55}}},"fnMap":{"0":{"name":"getAPIData","decl":{"start":{"line":5,"column":17},"end":{"line":5,"column":27}},"loc":{"start":{"line":5,"column":37},"end":{"line":13,"column":1}},"line":5},"1":{"name":"rootSaga","decl":{"start":{"line":14,"column":25},"end":{"line":14,"column":33}},"loc":{"start":{"line":14,"column":36},"end":{"line":16,"column":1}},"line":14}},"branchMap":{},"s":{"0":1,"1":1,"2":1,"3":1,"4":0,"5":3},"f":{"0":1,"1":3},"b":{},"_coverageSchema":"1a1c01bbd47fc00a2c39e90264f33305004495a9","hash":"f5272de69a07d003542c841c9096968742ccec2d"}
,"/Users/rajdeora/ReduxSaga/lib/Index.js": {"path":"/Users/rajdeora/ReduxSaga/lib/Index.js","statementMap":{"0":{"start":{"line":15,"column":24},"end":{"line":40,"column":1}},"1":{"start":{"line":16,"column":18},"end":{"line":16,"column":55}},"2":{"start":{"line":16,"column":41},"end":{"line":16,"column":54}},"3":{"start":{"line":17,"column":23},"end":{"line":17,"column":41}},"4":{"start":{"line":18,"column":25},"end":{"line":18,"column":43}},"5":{"start":{"line":19,"column":19},"end":{"line":19,"column":32}},"6":{"start":{"line":21,"column":25},"end":{"line":27,"column":3}},"7":{"start":{"line":22,"column":4},"end":{"line":26,"column":5}},"8":{"start":{"line":23,"column":6},"end":{"line":23,"column":40}},"9":{"start":{"line":25,"column":6},"end":{"line":25,"column":48}},"10":{"start":{"line":29,"column":2},"end":{"line":39,"column":4}},"11":{"start":{"line":42,"column":15},"end":{"line":57,"column":2}}},"fnMap":{"0":{"name":"(anonymous_0)","decl":{"start":{"line":15,"column":24},"end":{"line":15,"column":25}},"loc":{"start":{"line":15,"column":30},"end":{"line":40,"column":1}},"line":15},"1":{"name":"(anonymous_1)","decl":{"start":{"line":16,"column":30},"end":{"line":16,"column":31}},"loc":{"start":{"line":16,"column":41},"end":{"line":16,"column":54}},"line":16},"2":{"name":"(anonymous_2)","decl":{"start":{"line":21,"column":25},"end":{"line":21,"column":26}},"loc":{"start":{"line":21,"column":38},"end":{"line":27,"column":3}},"line":21}},"branchMap":{"0":{"loc":{"start":{"line":17,"column":23},"end":{"line":17,"column":41}},"type":"binary-expr","locations":[{"start":{"line":17,"column":23},"end":{"line":17,"column":35}},{"start":{"line":17,"column":39},"end":{"line":17,"column":41}}],"line":17},"1":{"loc":{"start":{"line":22,"column":4},"end":{"line":26,"column":5}},"type":"if","locations":[{"start":{"line":22,"column":4},"end":{"line":26,"column":5}},{"start":{"line":22,"column":4},"end":{"line":26,"column":5}}],"line":22},"2":{"loc":{"start":{"line":33,"column":7},"end":{"line":37,"column":7}},"type":"cond-expr","locations":[{"start":{"line":33,"column":25},"end":{"line":33,"column":29}},{"start":{"line":34,"column":8},"end":{"line":36,"column":15}}],"line":33}},"s":{"0":3,"1":3,"2":2,"3":3,"4":3,"5":3,"6":3,"7":0,"8":0,"9":0,"10":3,"11":3},"f":{"0":3,"1":2,"2":0},"b":{"0":[3,0],"1":[0,0],"2":[3,0]},"_coverageSchema":"1a1c01bbd47fc00a2c39e90264f33305004495a9","hash":"4388478a746adb3ed8e03272f75aeffd9f52981a"}
,"/Users/rajdeora/ReduxSaga/lib/WeatherInput.js": {"path":"/Users/rajdeora/ReduxSaga/lib/WeatherInput.js","statementMap":{"0":{"start":{"line":12,"column":21},"end":{"line":37,"column":1}},"1":{"start":{"line":13,"column":32},"end":{"line":13,"column":44}},"2":{"start":{"line":15,"column":27},"end":{"line":17,"column":3}},"3":{"start":{"line":16,"column":4},"end":{"line":16,"column":29}},"4":{"start":{"line":19,"column":2},"end":{"line":36,"column":4}},"5":{"start":{"line":26,"column":32},"end":{"line":26,"column":48}},"6":{"start":{"line":39,"column":15},"end":{"line":63,"column":2}}},"fnMap":{"0":{"name":"(anonymous_0)","decl":{"start":{"line":12,"column":21},"end":{"line":12,"column":22}},"loc":{"start":{"line":12,"column":32},"end":{"line":37,"column":1}},"line":12},"1":{"name":"(anonymous_1)","decl":{"start":{"line":15,"column":27},"end":{"line":15,"column":28}},"loc":{"start":{"line":15,"column":33},"end":{"line":17,"column":3}},"line":15},"2":{"name":"(anonymous_2)","decl":{"start":{"line":26,"column":22},"end":{"line":26,"column":23}},"loc":{"start":{"line":26,"column":32},"end":{"line":26,"column":48}},"line":26}},"branchMap":{},"s":{"0":4,"1":3,"2":3,"3":0,"4":3,"5":0,"6":4},"f":{"0":3,"1":0,"2":0},"b":{},"_coverageSchema":"1a1c01bbd47fc00a2c39e90264f33305004495a9","hash":"18f61a241358bc627d8c486c54ccde50e5b9924a"}
,"/Users/rajdeora/ReduxSaga/lib/WeatherList.js": {"path":"/Users/rajdeora/ReduxSaga/lib/WeatherList.js","statementMap":{"0":{"start":{"line":4,"column":20},"end":{"line":38,"column":1}},"1":{"start":{"line":5,"column":21},"end":{"line":22,"column":3}},"2":{"start":{"line":6,"column":4},"end":{"line":6,"column":22}},"3":{"start":{"line":7,"column":26},"end":{"line":7,"column":30}},"4":{"start":{"line":8,"column":31},"end":{"line":8,"column":46}},"5":{"start":{"line":9,"column":26},"end":{"line":9,"column":35}},"6":{"start":{"line":10,"column":29},"end":{"line":10,"column":38}},"7":{"start":{"line":11,"column":25},"end":{"line":11,"column":34}},"8":{"start":{"line":13,"column":4},"end":{"line":21,"column":6}},"9":{"start":{"line":23,"column":33},"end":{"line":23,"column":37}},"10":{"start":{"line":24,"column":22},"end":{"line":24,"column":26}},"11":{"start":{"line":25,"column":19},"end":{"line":25,"column":23}},"12":{"start":{"line":26,"column":2},"end":{"line":37,"column":4}},"13":{"start":{"line":33,"column":39},"end":{"line":33,"column":57}},"14":{"start":{"line":40,"column":15},"end":{"line":69,"column":2}}},"fnMap":{"0":{"name":"(anonymous_0)","decl":{"start":{"line":4,"column":20},"end":{"line":4,"column":21}},"loc":{"start":{"line":4,"column":32},"end":{"line":38,"column":1}},"line":4},"1":{"name":"(anonymous_1)","decl":{"start":{"line":5,"column":21},"end":{"line":5,"column":22}},"loc":{"start":{"line":5,"column":33},"end":{"line":22,"column":3}},"line":5},"2":{"name":"(anonymous_2)","decl":{"start":{"line":33,"column":22},"end":{"line":33,"column":23}},"loc":{"start":{"line":33,"column":39},"end":{"line":33,"column":57}},"line":33}},"branchMap":{"0":{"loc":{"start":{"line":7,"column":11},"end":{"line":7,"column":22}},"type":"default-arg","locations":[{"start":{"line":7,"column":20},"end":{"line":7,"column":22}}],"line":7},"1":{"loc":{"start":{"line":8,"column":11},"end":{"line":8,"column":27}},"type":"default-arg","locations":[{"start":{"line":8,"column":25},"end":{"line":8,"column":27}}],"line":8},"2":{"loc":{"start":{"line":9,"column":11},"end":{"line":9,"column":22}},"type":"default-arg","locations":[{"start":{"line":9,"column":19},"end":{"line":9,"column":22}}],"line":9},"3":{"loc":{"start":{"line":10,"column":11},"end":{"line":10,"column":25}},"type":"default-arg","locations":[{"start":{"line":10,"column":22},"end":{"line":10,"column":25}}],"line":10},"4":{"loc":{"start":{"line":11,"column":11},"end":{"line":11,"column":21}},"type":"default-arg","locations":[{"start":{"line":11,"column":18},"end":{"line":11,"column":21}}],"line":11},"5":{"loc":{"start":{"line":23,"column":9},"end":{"line":23,"column":18}},"type":"default-arg","locations":[{"start":{"line":23,"column":16},"end":{"line":23,"column":18}}],"line":23},"6":{"loc":{"start":{"line":23,"column":20},"end":{"line":23,"column":29}},"type":"default-arg","locations":[{"start":{"line":23,"column":27},"end":{"line":23,"column":29}}],"line":23},"7":{"loc":{"start":{"line":24,"column":9},"end":{"line":24,"column":18}},"type":"default-arg","locations":[{"start":{"line":24,"column":16},"end":{"line":24,"column":18}}],"line":24}},"s":{"0":4,"1":4,"2":1,"3":1,"4":1,"5":1,"6":1,"7":1,"8":1,"9":4,"10":4,"11":4,"12":4,"13":0,"14":4},"f":{"0":4,"1":1,"2":0},"b":{"0":[1],"1":[0],"2":[0],"3":[0],"4":[0],"5":[4],"6":[4],"7":[4]},"_coverageSchema":"1a1c01bbd47fc00a2c39e90264f33305004495a9","hash":"15ccb9465bd5857aff8efaad098bcfee7cb2579f"}
,"/Users/rajdeora/ReduxSaga/lib/api.js": {"path":"/Users/rajdeora/ReduxSaga/lib/api.js","statementMap":{"0":{"start":{"line":1,"column":25},"end":{"line":12,"column":1}},"1":{"start":{"line":2,"column":2},"end":{"line":11,"column":3}},"2":{"start":{"line":3,"column":21},"end":{"line":6,"column":5}},"3":{"start":{"line":7,"column":17},"end":{"line":7,"column":38}},"4":{"start":{"line":8,"column":4},"end":{"line":8,"column":16}},"5":{"start":{"line":10,"column":4},"end":{"line":10,"column":19}}},"fnMap":{"0":{"name":"(anonymous_0)","decl":{"start":{"line":1,"column":25},"end":{"line":1,"column":26}},"loc":{"start":{"line":1,"column":45},"end":{"line":12,"column":1}},"line":1}},"branchMap":{},"s":{"0":4,"1":1,"2":1,"3":0,"4":0,"5":1},"f":{"0":1},"b":{},"_coverageSchema":"1a1c01bbd47fc00a2c39e90264f33305004495a9","hash":"131bb4a5009cb3c2444b88617827f9e3d92874d0"}
,"/Users/rajdeora/ReduxSaga/lib/localization.js": {"path":"/Users/rajdeora/ReduxSaga/lib/localization.js","statementMap":{"0":{"start":{"line":7,"column":16},"end":{"line":17,"column":2}},"1":{"start":{"line":18,"column":0},"end":{"line":18,"column":25}}},"fnMap":{},"branchMap":{},"s":{"0":4,"1":4},"f":{},"b":{},"_coverageSchema":"1a1c01bbd47fc00a2c39e90264f33305004495a9","hash":"f04bbf5934bd6a9804dbcc83995ccaecc3b5d285"}
,"/Users/rajdeora/ReduxSaga/store/Index.js": {"path":"/Users/rajdeora/ReduxSaga/store/Index.js","statementMap":{"0":{"start":{"line":6,"column":20},"end":{"line":8,"column":2}}},"fnMap":{},"branchMap":{},"s":{"0":2},"f":{},"b":{},"_coverageSchema":"1a1c01bbd47fc00a2c39e90264f33305004495a9","hash":"52387f7c2aca3a90cedc532b1cdcffc7aa558b93"}
,"/Users/rajdeora/ReduxSaga/store/action.js": {"path":"/Users/rajdeora/ReduxSaga/store/action.js","statementMap":{"0":{"start":{"line":1,"column":38},"end":{"line":1,"column":62}},"1":{"start":{"line":2,"column":40},"end":{"line":2,"column":66}},"2":{"start":{"line":4,"column":30},"end":{"line":7,"column":2}},"3":{"start":{"line":4,"column":44},"end":{"line":7,"column":1}},"4":{"start":{"line":8,"column":32},"end":{"line":11,"column":2}},"5":{"start":{"line":8,"column":43},"end":{"line":11,"column":1}}},"fnMap":{"0":{"name":"(anonymous_0)","decl":{"start":{"line":4,"column":30},"end":{"line":4,"column":31}},"loc":{"start":{"line":4,"column":44},"end":{"line":7,"column":1}},"line":4},"1":{"name":"(anonymous_1)","decl":{"start":{"line":8,"column":32},"end":{"line":8,"column":33}},"loc":{"start":{"line":8,"column":43},"end":{"line":11,"column":1}},"line":8}},"branchMap":{},"s":{"0":4,"1":4,"2":4,"3":0,"4":4,"5":2},"f":{"0":0,"1":2},"b":{},"_coverageSchema":"1a1c01bbd47fc00a2c39e90264f33305004495a9","hash":"04623df076bf217c03e0f0856386df933912bcc6"}
,"/Users/rajdeora/ReduxSaga/store/configureStore.js": {"path":"/Users/rajdeora/ReduxSaga/store/configureStore.js","statementMap":{"0":{"start":{"line":6,"column":30},"end":{"line":19,"column":1}},"1":{"start":{"line":7,"column":25},"end":{"line":7,"column":47}},"2":{"start":{"line":8,"column":22},"end":{"line":8,"column":38}},"3":{"start":{"line":10,"column":16},"end":{"line":14,"column":3}},"4":{"start":{"line":16,"column":2},"end":{"line":16,"column":31}},"5":{"start":{"line":18,"column":2},"end":{"line":18,"column":15}}},"fnMap":{"0":{"name":"(anonymous_0)","decl":{"start":{"line":6,"column":30},"end":{"line":6,"column":31}},"loc":{"start":{"line":6,"column":48},"end":{"line":19,"column":1}},"line":6}},"branchMap":{},"s":{"0":2,"1":2,"2":2,"3":2,"4":2,"5":2},"f":{"0":2},"b":{},"_coverageSchema":"1a1c01bbd47fc00a2c39e90264f33305004495a9","hash":"0bab807b7e2cf626174ebef86e67f0a91ed48358"}
,"/Users/rajdeora/ReduxSaga/store/weatherReducer.js": {"path":"/Users/rajdeora/ReduxSaga/store/weatherReducer.js","statementMap":{"0":{"start":{"line":2,"column":21},"end":{"line":6,"column":1}},"1":{"start":{"line":8,"column":23},"end":{"line":40,"column":1}},"2":{"start":{"line":9,"column":2},"end":{"line":39,"column":3}},"3":{"start":{"line":12,"column":6},"end":{"line":12,"column":33}},"4":{"start":{"line":13,"column":6},"end":{"line":18,"column":8}},"5":{"start":{"line":21,"column":6},"end":{"line":26,"column":8}},"6":{"start":{"line":29,"column":6},"end":{"line":34,"column":8}},"7":{"start":{"line":37,"column":6},"end":{"line":37,"column":19}}},"fnMap":{"0":{"name":"(anonymous_0)","decl":{"start":{"line":8,"column":23},"end":{"line":8,"column":24}},"loc":{"start":{"line":8,"column":57},"end":{"line":40,"column":1}},"line":8}},"branchMap":{"0":{"loc":{"start":{"line":8,"column":24},"end":{"line":8,"column":44}},"type":"default-arg","locations":[{"start":{"line":8,"column":32},"end":{"line":8,"column":44}}],"line":8},"1":{"loc":{"start":{"line":9,"column":2},"end":{"line":39,"column":3}},"type":"switch","locations":[{"start":{"line":10,"column":4},"end":{"line":19,"column":5}},{"start":{"line":20,"column":4},"end":{"line":27,"column":5}},{"start":{"line":28,"column":4},"end":{"line":35,"column":5}},{"start":{"line":36,"column":4},"end":{"line":38,"column":5}}],"line":9}},"s":{"0":3,"1":3,"2":9,"3":1,"4":1,"5":1,"6":1,"7":6},"f":{"0":9},"b":{"0":[6],"1":[1,1,1,6]},"_coverageSchema":"1a1c01bbd47fc00a2c39e90264f33305004495a9","hash":"11a0594ec2600b338bfe9db271fc9e92e5e955ae"}
}
