TN:
SF:App.js
FN:16,App
FNF:1
FNH:1
FNDA:2,App
DA:14,2
DA:17,2
LF:2
LH:2
BRF:0
BRH:0
end_of_record
TN:
SF:Sagas/Sagas.js
FN:5,getAPIData
FN:14,rootSaga
FNF:2
FNH:2
FNDA:1,getAPIData
FNDA:3,rootSaga
DA:6,1
DA:7,1
DA:8,1
DA:9,1
DA:11,0
DA:15,3
LF:6
LH:5
BRF:0
BRH:0
end_of_record
TN:
SF:lib/Index.js
FN:15,(anonymous_0)
FN:16,(anonymous_1)
FN:21,(anonymous_2)
FNF:3
FNH:2
FNDA:3,(anonymous_0)
FNDA:2,(anonymous_1)
FNDA:0,(anonymous_2)
DA:15,3
DA:16,3
DA:17,3
DA:18,3
DA:19,3
DA:21,3
DA:22,0
DA:23,0
DA:25,0
DA:29,3
DA:42,3
LF:11
LH:8
BRDA:17,0,0,3
BRDA:17,0,1,0
BRDA:22,1,0,0
BRDA:22,1,1,0
BRDA:33,2,0,3
BRDA:33,2,1,0
BRF:6
BRH:2
end_of_record
TN:
SF:lib/WeatherInput.js
FN:12,(anonymous_0)
FN:15,(anonymous_1)
FN:26,(anonymous_2)
FNF:3
FNH:1
FNDA:3,(anonymous_0)
FNDA:0,(anonymous_1)
FNDA:0,(anonymous_2)
DA:12,4
DA:13,3
DA:15,3
DA:16,0
DA:19,3
DA:26,0
DA:39,4
LF:7
LH:5
BRF:0
BRH:0
end_of_record
TN:
SF:lib/WeatherList.js
FN:4,(anonymous_0)
FN:5,(anonymous_1)
FN:33,(anonymous_2)
FNF:3
FNH:2
FNDA:4,(anonymous_0)
FNDA:1,(anonymous_1)
FNDA:0,(anonymous_2)
DA:4,4
DA:5,4
DA:6,1
DA:7,1
DA:8,1
DA:9,1
DA:10,1
DA:11,1
DA:13,1
DA:23,4
DA:24,4
DA:25,4
DA:26,4
DA:33,0
DA:40,4
LF:15
LH:14
BRDA:7,0,0,1
BRDA:8,1,0,0
BRDA:9,2,0,0
BRDA:10,3,0,0
BRDA:11,4,0,0
BRDA:23,5,0,4
BRDA:23,6,0,4
BRDA:24,7,0,4
BRF:8
BRH:4
end_of_record
TN:
SF:lib/api.js
FN:1,(anonymous_0)
FNF:1
FNH:1
FNDA:1,(anonymous_0)
DA:1,4
DA:2,1
DA:3,1
DA:7,0
DA:8,0
DA:10,1
LF:6
LH:4
BRF:0
BRH:0
end_of_record
TN:
SF:lib/localization.js
FNF:0
FNH:0
DA:7,4
DA:18,4
LF:2
LH:2
BRF:0
BRH:0
end_of_record
TN:
SF:store/Index.js
FNF:0
FNH:0
DA:6,2
LF:1
LH:1
BRF:0
BRH:0
end_of_record
TN:
SF:store/action.js
FN:4,(anonymous_0)
FN:8,(anonymous_1)
FNF:2
FNH:1
FNDA:0,(anonymous_0)
FNDA:2,(anonymous_1)
DA:1,4
DA:2,4
DA:4,4
DA:8,4
LF:4
LH:4
BRF:0
BRH:0
end_of_record
TN:
SF:store/configureStore.js
FN:6,(anonymous_0)
FNF:1
FNH:1
FNDA:2,(anonymous_0)
DA:6,2
DA:7,2
DA:8,2
DA:10,2
DA:16,2
DA:18,2
LF:6
LH:6
BRF:0
BRH:0
end_of_record
TN:
SF:store/weatherReducer.js
FN:8,(anonymous_0)
FNF:1
FNH:1
FNDA:9,(anonymous_0)
DA:2,3
DA:8,3
DA:9,9
DA:12,1
DA:13,1
DA:21,1
DA:29,1
DA:37,6
LF:8
LH:8
BRDA:8,0,0,6
BRDA:9,1,0,1
BRDA:9,1,1,1
BRDA:9,1,2,1
BRDA:9,1,3,6
BRF:5
BRH:5
end_of_record
